<?xml version="1.0" encoding="UTF-8"?>
<testsuite name="study.StringTest" tests="1" skipped="0" failures="0" errors="0" timestamp="2023-04-16T03:22:11" hostname="Enco-MacBook-Pro.local" time="0.076">
  <properties/>
  <testcase name="분리 테스트" classname="study.StringTest" time="0.076"/>
  <system-out><![CDATA[]]></system-out>
  <system-err><![CDATA[]]></system-err>
</testsuite>
